mode: set
CalFit/business/schedules/usecase.go:13.74,18.2 1 1
CalFit/business/schedules/usecase.go:20.105,24.16 4 1
CalFit/business/schedules/usecase.go:27.2,27.17 1 1
CalFit/business/schedules/usecase.go:24.16,26.3 1 1
CalFit/business/schedules/usecase.go:30.86,34.16 4 1
CalFit/business/schedules/usecase.go:37.2,37.17 1 1
CalFit/business/schedules/usecase.go:34.16,36.3 1 1
CalFit/business/schedules/usecase.go:40.96,44.16 4 0
CalFit/business/schedules/usecase.go:47.2,47.17 1 0
CalFit/business/schedules/usecase.go:44.16,46.3 1 0
CalFit/business/schedules/usecase.go:50.105,54.16 4 0
CalFit/business/schedules/usecase.go:57.2,57.17 1 0
CalFit/business/schedules/usecase.go:54.16,56.3 1 0
CalFit/business/schedules/usecase.go:60.95,64.16 4 0
CalFit/business/schedules/usecase.go:67.2,67.17 1 0
CalFit/business/schedules/usecase.go:64.16,66.3 1 0
