mode: set
CalFit/business/schedules/usecase.go:14.74,19.2 1 1
CalFit/business/schedules/usecase.go:21.105,25.16 4 1
CalFit/business/schedules/usecase.go:28.2,28.17 1 1
CalFit/business/schedules/usecase.go:25.16,27.3 1 1
CalFit/business/schedules/usecase.go:31.86,35.16 4 1
CalFit/business/schedules/usecase.go:38.2,38.17 1 1
CalFit/business/schedules/usecase.go:35.16,37.3 1 1
CalFit/business/schedules/usecase.go:41.96,44.13 3 1
CalFit/business/schedules/usecase.go:47.2,48.16 2 1
CalFit/business/schedules/usecase.go:51.2,51.17 1 1
CalFit/business/schedules/usecase.go:44.13,46.3 1 1
CalFit/business/schedules/usecase.go:48.16,50.3 1 1
CalFit/business/schedules/usecase.go:54.105,57.23 3 0
CalFit/business/schedules/usecase.go:60.2,61.16 2 0
CalFit/business/schedules/usecase.go:64.2,64.17 1 0
CalFit/business/schedules/usecase.go:57.23,59.3 1 0
CalFit/business/schedules/usecase.go:61.16,63.3 1 0
CalFit/business/schedules/usecase.go:67.95,70.13 3 0
CalFit/business/schedules/usecase.go:73.2,74.16 2 0
CalFit/business/schedules/usecase.go:77.2,77.17 1 0
CalFit/business/schedules/usecase.go:70.13,72.3 1 0
CalFit/business/schedules/usecase.go:74.16,76.3 1 0
